{"D:\\EVERYTHING\\_FULL STACK BOOT CAMP\\Personal Projects\\_Snippets\\data-structures\\linked-list\\LinkedList.js": {"path":"D:\\EVERYTHING\\_FULL STACK BOOT CAMP\\Personal Projects\\_Snippets\\data-structures\\linked-list\\LinkedList.js","statementMap":{"0":{"start":{"line":3,"column":4},"end":{"line":3,"column":22}},"1":{"start":{"line":4,"column":4},"end":{"line":4,"column":28}},"2":{"start":{"line":10,"column":4},"end":{"line":10,"column":32}},"3":{"start":{"line":11,"column":4},"end":{"line":11,"column":19}},"4":{"start":{"line":14,"column":17},"end":{"line":14,"column":32}},"5":{"start":{"line":15,"column":4},"end":{"line":22,"column":5}},"6":{"start":{"line":16,"column":6},"end":{"line":16,"column":34}},"7":{"start":{"line":19,"column":22},"end":{"line":19,"column":31}},"8":{"start":{"line":20,"column":6},"end":{"line":20,"column":22}},"9":{"start":{"line":21,"column":6},"end":{"line":21,"column":25}},"10":{"start":{"line":23,"column":4},"end":{"line":23,"column":20}},"11":{"start":{"line":33,"column":17},"end":{"line":33,"column":32}},"12":{"start":{"line":34,"column":4},"end":{"line":41,"column":5}},"13":{"start":{"line":35,"column":6},"end":{"line":35,"column":34}},"14":{"start":{"line":38,"column":22},"end":{"line":38,"column":31}},"15":{"start":{"line":39,"column":6},"end":{"line":39,"column":22}},"16":{"start":{"line":40,"column":6},"end":{"line":40,"column":25}},"17":{"start":{"line":42,"column":4},"end":{"line":42,"column":20}},"18":{"start":{"line":45,"column":4},"end":{"line":53,"column":5}},"19":{"start":{"line":46,"column":6},"end":{"line":46,"column":17}},"20":{"start":{"line":48,"column":9},"end":{"line":53,"column":5}},"21":{"start":{"line":49,"column":6},"end":{"line":49,"column":22}},"22":{"start":{"line":52,"column":6},"end":{"line":52,"column":32}},"23":{"start":{"line":54,"column":4},"end":{"line":54,"column":20}},"24":{"start":{"line":58,"column":4},"end":{"line":72,"column":5}},"25":{"start":{"line":59,"column":6},"end":{"line":59,"column":17}},"26":{"start":{"line":61,"column":9},"end":{"line":72,"column":5}},"27":{"start":{"line":62,"column":6},"end":{"line":62,"column":22}},"28":{"start":{"line":65,"column":20},"end":{"line":65,"column":29}},"29":{"start":{"line":66,"column":17},"end":{"line":66,"column":21}},"30":{"start":{"line":67,"column":6},"end":{"line":70,"column":7}},"31":{"start":{"line":68,"column":8},"end":{"line":68,"column":22}},"32":{"start":{"line":69,"column":8},"end":{"line":69,"column":30}},"33":{"start":{"line":71,"column":6},"end":{"line":71,"column":22}},"34":{"start":{"line":73,"column":4},"end":{"line":73,"column":20}},"35":{"start":{"line":76,"column":4},"end":{"line":87,"column":5}},"36":{"start":{"line":77,"column":6},"end":{"line":77,"column":17}},"37":{"start":{"line":80,"column":20},"end":{"line":80,"column":29}},"38":{"start":{"line":81,"column":6},"end":{"line":85,"column":7}},"39":{"start":{"line":82,"column":8},"end":{"line":82,"column":31}},"40":{"start":{"line":82,"column":26},"end":{"line":82,"column":31}},"41":{"start":{"line":83,"column":8},"end":{"line":83,"column":30}},"42":{"start":{"line":84,"column":8},"end":{"line":84,"column":50}},"43":{"start":{"line":84,"column":36},"end":{"line":84,"column":50}},"44":{"start":{"line":86,"column":6},"end":{"line":86,"column":17}},"45":{"start":{"line":91,"column":0},"end":{"line":91,"column":27}}},"fnMap":{"0":{"name":"(anonymous_0)","decl":{"start":{"line":2,"column":2},"end":{"line":2,"column":3}},"loc":{"start":{"line":2,"column":27},"end":{"line":5,"column":3}},"line":2},"1":{"name":"(anonymous_1)","decl":{"start":{"line":9,"column":2},"end":{"line":9,"column":3}},"loc":{"start":{"line":9,"column":16},"end":{"line":12,"column":3}},"line":9},"2":{"name":"(anonymous_2)","decl":{"start":{"line":13,"column":2},"end":{"line":13,"column":3}},"loc":{"start":{"line":13,"column":16},"end":{"line":31,"column":3}},"line":13},"3":{"name":"(anonymous_3)","decl":{"start":{"line":32,"column":2},"end":{"line":32,"column":3}},"loc":{"start":{"line":32,"column":17},"end":{"line":43,"column":3}},"line":32},"4":{"name":"(anonymous_4)","decl":{"start":{"line":44,"column":2},"end":{"line":44,"column":3}},"loc":{"start":{"line":44,"column":15},"end":{"line":55,"column":3}},"line":44},"5":{"name":"(anonymous_5)","decl":{"start":{"line":57,"column":2},"end":{"line":57,"column":3}},"loc":{"start":{"line":57,"column":15},"end":{"line":74,"column":3}},"line":57},"6":{"name":"(anonymous_6)","decl":{"start":{"line":75,"column":2},"end":{"line":75,"column":3}},"loc":{"start":{"line":75,"column":16},"end":{"line":88,"column":3}},"line":75}},"branchMap":{"0":{"loc":{"start":{"line":4,"column":16},"end":{"line":4,"column":28}},"type":"binary-expr","locations":[{"start":{"line":4,"column":16},"end":{"line":4,"column":20}},{"start":{"line":4,"column":24},"end":{"line":4,"column":28}}],"line":4},"1":{"loc":{"start":{"line":15,"column":4},"end":{"line":22,"column":5}},"type":"if","locations":[{"start":{"line":15,"column":4},"end":{"line":22,"column":5}},{"start":{"line":18,"column":9},"end":{"line":22,"column":5}}],"line":15},"2":{"loc":{"start":{"line":34,"column":4},"end":{"line":41,"column":5}},"type":"if","locations":[{"start":{"line":34,"column":4},"end":{"line":41,"column":5}},{"start":{"line":37,"column":9},"end":{"line":41,"column":5}}],"line":34},"3":{"loc":{"start":{"line":45,"column":4},"end":{"line":53,"column":5}},"type":"if","locations":[{"start":{"line":45,"column":4},"end":{"line":53,"column":5}},{"start":{"line":48,"column":9},"end":{"line":53,"column":5}}],"line":45},"4":{"loc":{"start":{"line":48,"column":9},"end":{"line":53,"column":5}},"type":"if","locations":[{"start":{"line":48,"column":9},"end":{"line":53,"column":5}},{"start":{"line":51,"column":9},"end":{"line":53,"column":5}}],"line":48},"5":{"loc":{"start":{"line":58,"column":4},"end":{"line":72,"column":5}},"type":"if","locations":[{"start":{"line":58,"column":4},"end":{"line":72,"column":5}},{"start":{"line":61,"column":9},"end":{"line":72,"column":5}}],"line":58},"6":{"loc":{"start":{"line":61,"column":9},"end":{"line":72,"column":5}},"type":"if","locations":[{"start":{"line":61,"column":9},"end":{"line":72,"column":5}},{"start":{"line":64,"column":9},"end":{"line":72,"column":5}}],"line":61},"7":{"loc":{"start":{"line":76,"column":4},"end":{"line":87,"column":5}},"type":"if","locations":[{"start":{"line":76,"column":4},"end":{"line":87,"column":5}},{"start":{"line":79,"column":9},"end":{"line":87,"column":5}}],"line":76},"8":{"loc":{"start":{"line":82,"column":8},"end":{"line":82,"column":31}},"type":"if","locations":[{"start":{"line":82,"column":8},"end":{"line":82,"column":31}},{"start":{},"end":{}}],"line":82},"9":{"loc":{"start":{"line":84,"column":8},"end":{"line":84,"column":50}},"type":"if","locations":[{"start":{"line":84,"column":8},"end":{"line":84,"column":50}},{"start":{},"end":{}}],"line":84}},"s":{"0":5,"1":5,"2":2,"3":2,"4":3,"5":3,"6":1,"7":2,"8":2,"9":2,"10":3,"11":2,"12":2,"13":1,"14":1,"15":1,"16":1,"17":2,"18":0,"19":0,"20":0,"21":0,"22":0,"23":0,"24":0,"25":0,"26":0,"27":0,"28":0,"29":0,"30":0,"31":0,"32":0,"33":0,"34":0,"35":0,"36":0,"37":0,"38":0,"39":0,"40":0,"41":0,"42":0,"43":0,"44":0,"45":1},"f":{"0":5,"1":2,"2":3,"3":2,"4":0,"5":0,"6":0},"b":{"0":[5,5],"1":[1,2],"2":[1,1],"3":[0,0],"4":[0,0],"5":[0,0],"6":[0,0],"7":[0,0],"8":[0,0],"9":[0,0]},"_coverageSchema":"1a1c01bbd47fc00a2c39e90264f33305004495a9","hash":"e92843b1d79978941ee6a87b39b0c11b0a0da878"}
}
