TN:
SF:linked-list\LinkedList.js
FN:2,(anonymous_0)
FN:9,(anonymous_1)
FN:13,(anonymous_2)
FN:32,(anonymous_3)
FN:44,(anonymous_4)
FN:57,(anonymous_5)
FN:75,(anonymous_6)
FNF:7
FNH:4
FNDA:5,(anonymous_0)
FNDA:2,(anonymous_1)
FNDA:3,(anonymous_2)
FNDA:2,(anonymous_3)
FNDA:0,(anonymous_4)
FNDA:0,(anonymous_5)
FNDA:0,(anonymous_6)
DA:3,5
DA:4,5
DA:10,2
DA:11,2
DA:14,3
DA:15,3
DA:16,1
DA:19,2
DA:20,2
DA:21,2
DA:23,3
DA:33,2
DA:34,2
DA:35,1
DA:38,1
DA:39,1
DA:40,1
DA:42,2
DA:45,0
DA:46,0
DA:48,0
DA:49,0
DA:52,0
DA:54,0
DA:58,0
DA:59,0
DA:61,0
DA:62,0
DA:65,0
DA:66,0
DA:67,0
DA:68,0
DA:69,0
DA:71,0
DA:73,0
DA:76,0
DA:77,0
DA:80,0
DA:81,0
DA:82,0
DA:83,0
DA:84,0
DA:86,0
DA:91,1
LF:44
LH:19
BRDA:4,0,0,5
BRDA:4,0,1,5
BRDA:15,1,0,1
BRDA:15,1,1,2
BRDA:34,2,0,1
BRDA:34,2,1,1
BRDA:45,3,0,0
BRDA:45,3,1,0
BRDA:48,4,0,0
BRDA:48,4,1,0
BRDA:58,5,0,0
BRDA:58,5,1,0
BRDA:61,6,0,0
BRDA:61,6,1,0
BRDA:76,7,0,0
BRDA:76,7,1,0
BRDA:82,8,0,0
BRDA:82,8,1,0
BRDA:84,9,0,0
BRDA:84,9,1,0
BRF:20
BRH:6
end_of_record
